{"C:\\Program Files (x86)\\EasyPHP-Devserver-17\\eds-www\\nextel-test\\app\\middlewares\\auth.js":{"path":"C:\\Program Files (x86)\\EasyPHP-Devserver-17\\eds-www\\nextel-test\\app\\middlewares\\auth.js","s":{"1":1,"2":1,"3":1,"4":44,"5":42,"6":42,"7":2,"8":2,"9":40,"10":40},"b":{"1":[42,2],"2":[44,42]},"f":{"1":44},"fnMap":{"1":{"name":"(anonymous_1)","line":4,"loc":{"start":{"line":4,"column":17},"end":{"line":4,"column":42}}}},"statementMap":{"1":{"start":{"line":1,"column":0},"end":{"line":1,"column":34}},"2":{"start":{"line":2,"column":0},"end":{"line":2,"column":41}},"3":{"start":{"line":4,"column":0},"end":{"line":26,"column":1}},"4":{"start":{"line":6,"column":1},"end":{"line":22,"column":2}},"5":{"start":{"line":7,"column":2},"end":{"line":15,"column":3}},"6":{"start":{"line":8,"column":3},"end":{"line":8,"column":74}},"7":{"start":{"line":10,"column":3},"end":{"line":14,"column":6}},"8":{"start":{"line":17,"column":2},"end":{"line":21,"column":5}},"9":{"start":{"line":23,"column":1},"end":{"line":23,"column":8}},"10":{"start":{"line":24,"column":1},"end":{"line":24,"column":8}}},"branchMap":{"1":{"line":6,"type":"if","locations":[{"start":{"line":6,"column":1},"end":{"line":6,"column":1}},{"start":{"line":6,"column":1},"end":{"line":6,"column":1}}]},"2":{"line":6,"type":"binary-expr","locations":[{"start":{"line":6,"column":5},"end":{"line":6,"column":34}},{"start":{"line":6,"column":38},"end":{"line":6,"column":81}}]}}},"C:\\Program Files (x86)\\EasyPHP-Devserver-17\\eds-www\\nextel-test\\app\\config\\config.js":{"path":"C:\\Program Files (x86)\\EasyPHP-Devserver-17\\eds-www\\nextel-test\\app\\config\\config.js","s":{"1":1},"b":{},"f":{},"fnMap":{},"statementMap":{"1":{"start":{"line":1,"column":0},"end":{"line":6,"column":1}}},"branchMap":{}},"C:\\Program Files (x86)\\EasyPHP-Devserver-17\\eds-www\\nextel-test\\index.route.js":{"path":"C:\\Program Files (x86)\\EasyPHP-Devserver-17\\eds-www\\nextel-test\\index.route.js","s":{"1":1,"2":1,"3":1,"4":1,"5":1,"6":1,"7":1,"8":1,"9":1,"10":1,"11":1,"12":1,"13":1,"14":1,"15":1,"16":1},"b":{},"f":{},"fnMap":{},"statementMap":{"1":{"start":{"line":1,"column":0},"end":{"line":1,"column":35}},"2":{"start":{"line":3,"column":0},"end":{"line":3,"column":58}},"3":{"start":{"line":4,"column":0},"end":{"line":4,"column":68}},"4":{"start":{"line":5,"column":0},"end":{"line":5,"column":70}},"5":{"start":{"line":6,"column":0},"end":{"line":6,"column":60}},"6":{"start":{"line":7,"column":0},"end":{"line":7,"column":58}},"7":{"start":{"line":9,"column":0},"end":{"line":9,"column":50}},"8":{"start":{"line":11,"column":0},"end":{"line":11,"column":32}},"9":{"start":{"line":16,"column":0},"end":{"line":18,"column":2}},"10":{"start":{"line":17,"column":1},"end":{"line":17,"column":15}},"11":{"start":{"line":19,"column":0},"end":{"line":19,"column":38}},"12":{"start":{"line":20,"column":0},"end":{"line":20,"column":51}},"13":{"start":{"line":21,"column":0},"end":{"line":21,"column":52}},"14":{"start":{"line":22,"column":0},"end":{"line":22,"column":46}},"15":{"start":{"line":23,"column":0},"end":{"line":23,"column":32}},"16":{"start":{"line":25,"column":0},"end":{"line":25,"column":24}}},"branchMap":{}},"C:\\Program Files (x86)\\EasyPHP-Devserver-17\\eds-www\\nextel-test\\app\\routes\\user.routes.js":{"path":"C:\\Program Files (x86)\\EasyPHP-Devserver-17\\eds-www\\nextel-test\\app\\routes\\user.routes.js","s":{"1":1,"2":1,"3":1,"4":1,"5":1,"6":1,"7":1,"8":1,"9":1},"b":{},"f":{},"fnMap":{},"statementMap":{"1":{"start":{"line":1,"column":0},"end":{"line":1,"column":35}},"2":{"start":{"line":2,"column":0},"end":{"line":2,"column":47}},"3":{"start":{"line":3,"column":0},"end":{"line":3,"column":61}},"4":{"start":{"line":4,"column":0},"end":{"line":4,"column":56}},"5":{"start":{"line":5,"column":0},"end":{"line":5,"column":32}},"6":{"start":{"line":6,"column":0},"end":{"line":6,"column":61}},"7":{"start":{"line":8,"column":0},"end":{"line":10,"column":113}},"8":{"start":{"line":12,"column":0},"end":{"line":16,"column":74}},"9":{"start":{"line":18,"column":0},"end":{"line":18,"column":24}}},"branchMap":{}},"C:\\Program Files (x86)\\EasyPHP-Devserver-17\\eds-www\\nextel-test\\app\\config\\user.validation.js":{"path":"C:\\Program Files (x86)\\EasyPHP-Devserver-17\\eds-www\\nextel-test\\app\\config\\user.validation.js","s":{"1":1,"2":1},"b":{},"f":{},"fnMap":{},"statementMap":{"1":{"start":{"line":1,"column":0},"end":{"line":1,"column":27}},"2":{"start":{"line":3,"column":0},"end":{"line":31,"column":2}}},"branchMap":{}},"C:\\Program Files (x86)\\EasyPHP-Devserver-17\\eds-www\\nextel-test\\app\\controllers\\user.controller.js":{"path":"C:\\Program Files (x86)\\EasyPHP-Devserver-17\\eds-www\\nextel-test\\app\\controllers\\user.controller.js","s":{"1":1,"2":1,"3":1,"4":1,"5":1,"6":1,"7":2,"8":2,"9":2,"10":2,"11":2,"12":2,"13":1,"14":1,"15":1,"16":1,"17":4,"18":4,"19":4,"20":3,"21":3,"22":3,"23":3,"24":0,"25":1,"26":1,"27":1,"28":1,"29":1,"30":1,"31":1,"32":1,"33":0,"34":1,"35":0,"36":0,"37":0,"38":1,"39":2,"40":2,"41":2,"42":1,"43":0,"44":1,"45":1,"46":1,"47":0,"48":1,"49":3,"50":3,"51":1,"52":2,"53":0,"54":0,"55":1,"56":0,"57":0,"58":0},"b":{"1":[1,1],"2":[3,1],"3":[4,4],"4":[1,0],"5":[1,1],"6":[0,1],"7":[0,0],"8":[0,1],"9":[1,0],"10":[1,0],"11":[1,2],"12":[3,2],"13":[0,0],"14":[0,0]},"f":{"1":2,"2":2,"3":4,"4":1,"5":2,"6":3,"7":0},"fnMap":{"1":{"name":"(anonymous_1)","line":6,"loc":{"start":{"line":6,"column":19},"end":{"line":6,"column":37}}},"2":{"name":"(anonymous_2)","line":12,"loc":{"start":{"line":12,"column":14},"end":{"line":12,"column":34}}},"3":{"name":"(anonymous_3)","line":27,"loc":{"start":{"line":27,"column":66},"end":{"line":27,"column":86}}},"4":{"name":"(anonymous_4)","line":53,"loc":{"start":{"line":53,"column":17},"end":{"line":53,"column":35}}},"5":{"name":"(anonymous_5)","line":81,"loc":{"start":{"line":81,"column":17},"end":{"line":81,"column":35}}},"6":{"name":"(anonymous_6)","line":105,"loc":{"start":{"line":105,"column":18},"end":{"line":105,"column":37}}},"7":{"name":"(anonymous_7)","line":121,"loc":{"start":{"line":121,"column":24},"end":{"line":121,"column":49}}}},"statementMap":{"1":{"start":{"line":1,"column":0},"end":{"line":1,"column":48}},"2":{"start":{"line":2,"column":0},"end":{"line":2,"column":36}},"3":{"start":{"line":3,"column":0},"end":{"line":3,"column":33}},"4":{"start":{"line":4,"column":0},"end":{"line":4,"column":65}},"5":{"start":{"line":5,"column":0},"end":{"line":5,"column":43}},"6":{"start":{"line":6,"column":0},"end":{"line":22,"column":1}},"7":{"start":{"line":7,"column":1},"end":{"line":7,"column":34}},"8":{"start":{"line":9,"column":1},"end":{"line":9,"column":21}},"9":{"start":{"line":10,"column":1},"end":{"line":10,"column":34}},"10":{"start":{"line":11,"column":1},"end":{"line":11,"column":59}},"11":{"start":{"line":12,"column":1},"end":{"line":21,"column":4}},"12":{"start":{"line":13,"column":2},"end":{"line":20,"column":3}},"13":{"start":{"line":14,"column":3},"end":{"line":16,"column":6}},"14":{"start":{"line":18,"column":3},"end":{"line":18,"column":29}},"15":{"start":{"line":19,"column":3},"end":{"line":19,"column":25}},"16":{"start":{"line":24,"column":0},"end":{"line":50,"column":2}},"17":{"start":{"line":26,"column":1},"end":{"line":26,"column":34}},"18":{"start":{"line":27,"column":1},"end":{"line":48,"column":4}},"19":{"start":{"line":28,"column":2},"end":{"line":47,"column":3}},"20":{"start":{"line":30,"column":3},"end":{"line":42,"column":7}},"21":{"start":{"line":33,"column":5},"end":{"line":35,"column":7}},"22":{"start":{"line":36,"column":5},"end":{"line":36,"column":28}},"23":{"start":{"line":37,"column":5},"end":{"line":37,"column":105}},"24":{"start":{"line":39,"column":5},"end":{"line":41,"column":8}},"25":{"start":{"line":46,"column":3},"end":{"line":46,"column":17}},"26":{"start":{"line":53,"column":0},"end":{"line":79,"column":1}},"27":{"start":{"line":54,"column":1},"end":{"line":54,"column":34}},"28":{"start":{"line":56,"column":1},"end":{"line":56,"column":21}},"29":{"start":{"line":57,"column":1},"end":{"line":60,"column":2}},"30":{"start":{"line":59,"column":2},"end":{"line":59,"column":61}},"31":{"start":{"line":61,"column":1},"end":{"line":78,"column":5}},"32":{"start":{"line":63,"column":3},"end":{"line":67,"column":4}},"33":{"start":{"line":64,"column":4},"end":{"line":66,"column":7}},"34":{"start":{"line":68,"column":3},"end":{"line":68,"column":18}},"35":{"start":{"line":70,"column":3},"end":{"line":74,"column":4}},"36":{"start":{"line":71,"column":4},"end":{"line":73,"column":7}},"37":{"start":{"line":75,"column":3},"end":{"line":77,"column":6}},"38":{"start":{"line":81,"column":0},"end":{"line":103,"column":1}},"39":{"start":{"line":82,"column":1},"end":{"line":82,"column":34}},"40":{"start":{"line":84,"column":1},"end":{"line":84,"column":21}},"41":{"start":{"line":85,"column":1},"end":{"line":102,"column":5}},"42":{"start":{"line":87,"column":3},"end":{"line":91,"column":4}},"43":{"start":{"line":88,"column":4},"end":{"line":90,"column":7}},"44":{"start":{"line":92,"column":3},"end":{"line":92,"column":53}},"45":{"start":{"line":94,"column":3},"end":{"line":98,"column":4}},"46":{"start":{"line":95,"column":4},"end":{"line":97,"column":7}},"47":{"start":{"line":99,"column":3},"end":{"line":101,"column":6}},"48":{"start":{"line":105,"column":0},"end":{"line":119,"column":2}},"49":{"start":{"line":106,"column":1},"end":{"line":118,"column":5}},"50":{"start":{"line":111,"column":3},"end":{"line":113,"column":4}},"51":{"start":{"line":112,"column":4},"end":{"line":112,"column":97}},"52":{"start":{"line":114,"column":3},"end":{"line":114,"column":131}},"53":{"start":{"line":117,"column":3},"end":{"line":117,"column":22}},"54":{"start":{"line":117,"column":12},"end":{"line":117,"column":22}},"55":{"start":{"line":121,"column":0},"end":{"line":127,"column":2}},"56":{"start":{"line":122,"column":1},"end":{"line":126,"column":2}},"57":{"start":{"line":123,"column":2},"end":{"line":123,"column":9}},"58":{"start":{"line":125,"column":2},"end":{"line":125,"column":65}}},"branchMap":{"1":{"line":13,"type":"if","locations":[{"start":{"line":13,"column":2},"end":{"line":13,"column":2}},{"start":{"line":13,"column":2},"end":{"line":13,"column":2}}]},"2":{"line":28,"type":"if","locations":[{"start":{"line":28,"column":2},"end":{"line":28,"column":2}},{"start":{"line":28,"column":2},"end":{"line":28,"column":2}}]},"3":{"line":28,"type":"binary-expr","locations":[{"start":{"line":28,"column":5},"end":{"line":28,"column":8}},{"start":{"line":28,"column":12},"end":{"line":28,"column":16}}]},"4":{"line":57,"type":"if","locations":[{"start":{"line":57,"column":1},"end":{"line":57,"column":1}},{"start":{"line":57,"column":1},"end":{"line":57,"column":1}}]},"5":{"line":57,"type":"binary-expr","locations":[{"start":{"line":57,"column":4},"end":{"line":57,"column":34}},{"start":{"line":57,"column":38},"end":{"line":57,"column":63}}]},"6":{"line":63,"type":"if","locations":[{"start":{"line":63,"column":3},"end":{"line":63,"column":3}},{"start":{"line":63,"column":3},"end":{"line":63,"column":3}}]},"7":{"line":70,"type":"if","locations":[{"start":{"line":70,"column":3},"end":{"line":70,"column":3}},{"start":{"line":70,"column":3},"end":{"line":70,"column":3}}]},"8":{"line":87,"type":"if","locations":[{"start":{"line":87,"column":3},"end":{"line":87,"column":3}},{"start":{"line":87,"column":3},"end":{"line":87,"column":3}}]},"9":{"line":94,"type":"if","locations":[{"start":{"line":94,"column":3},"end":{"line":94,"column":3}},{"start":{"line":94,"column":3},"end":{"line":94,"column":3}}]},"10":{"line":94,"type":"binary-expr","locations":[{"start":{"line":94,"column":6},"end":{"line":94,"column":29}},{"start":{"line":94,"column":33},"end":{"line":94,"column":56}}]},"11":{"line":111,"type":"if","locations":[{"start":{"line":111,"column":3},"end":{"line":111,"column":3}},{"start":{"line":111,"column":3},"end":{"line":111,"column":3}}]},"12":{"line":111,"type":"binary-expr","locations":[{"start":{"line":111,"column":7},"end":{"line":111,"column":12}},{"start":{"line":111,"column":16},"end":{"line":111,"column":56}}]},"13":{"line":117,"type":"if","locations":[{"start":{"line":117,"column":3},"end":{"line":117,"column":3}},{"start":{"line":117,"column":3},"end":{"line":117,"column":3}}]},"14":{"line":122,"type":"if","locations":[{"start":{"line":122,"column":1},"end":{"line":122,"column":1}},{"start":{"line":122,"column":1},"end":{"line":122,"column":1}}]}}},"C:\\Program Files (x86)\\EasyPHP-Devserver-17\\eds-www\\nextel-test\\app\\models\\user.model.js":{"path":"C:\\Program Files (x86)\\EasyPHP-Devserver-17\\eds-www\\nextel-test\\app\\models\\user.model.js","s":{"1":1,"2":1,"3":1,"4":1,"5":1,"6":1,"7":1,"8":1,"9":1,"10":1,"11":3,"12":6,"13":6,"14":6,"15":6,"16":1,"17":2,"18":1},"b":{},"f":{"1":3,"2":6,"3":2},"fnMap":{"1":{"name":"(anonymous_1)","line":21,"loc":{"start":{"line":21,"column":9},"end":{"line":21,"column":41}}},"2":{"name":"(anonymous_2)","line":27,"loc":{"start":{"line":27,"column":8},"end":{"line":27,"column":44}}},"3":{"name":"(anonymous_3)","line":43,"loc":{"start":{"line":43,"column":37},"end":{"line":43,"column":56}}}},"statementMap":{"1":{"start":{"line":1,"column":0},"end":{"line":1,"column":37}},"2":{"start":{"line":2,"column":0},"end":{"line":2,"column":33}},"3":{"start":{"line":3,"column":0},"end":{"line":3,"column":52}},"4":{"start":{"line":4,"column":0},"end":{"line":4,"column":27}},"5":{"start":{"line":5,"column":0},"end":{"line":5,"column":34}},"6":{"start":{"line":6,"column":0},"end":{"line":6,"column":36}},"7":{"start":{"line":8,"column":0},"end":{"line":8,"column":29}},"8":{"start":{"line":9,"column":0},"end":{"line":9,"column":39}},"9":{"start":{"line":10,"column":0},"end":{"line":17,"column":3}},"10":{"start":{"line":19,"column":0},"end":{"line":42,"column":2}},"11":{"start":{"line":22,"column":2},"end":{"line":25,"column":11}},"12":{"start":{"line":28,"column":2},"end":{"line":28,"column":14}},"13":{"start":{"line":29,"column":2},"end":{"line":33,"column":3}},"14":{"start":{"line":30,"column":3},"end":{"line":30,"column":37}},"15":{"start":{"line":34,"column":2},"end":{"line":39,"column":6}},"16":{"start":{"line":43,"column":0},"end":{"line":45,"column":1}},"17":{"start":{"line":44,"column":1},"end":{"line":44,"column":52}},"18":{"start":{"line":46,"column":0},"end":{"line":46,"column":52}}},"branchMap":{}},"C:\\Program Files (x86)\\EasyPHP-Devserver-17\\eds-www\\nextel-test\\app\\models\\auditEvent.model.js":{"path":"C:\\Program Files (x86)\\EasyPHP-Devserver-17\\eds-www\\nextel-test\\app\\models\\auditEvent.model.js","s":{"1":1,"2":1,"3":1,"4":1,"5":1},"b":{},"f":{},"fnMap":{},"statementMap":{"1":{"start":{"line":1,"column":0},"end":{"line":1,"column":37}},"2":{"start":{"line":3,"column":0},"end":{"line":3,"column":29}},"3":{"start":{"line":4,"column":0},"end":{"line":4,"column":39}},"4":{"start":{"line":5,"column":0},"end":{"line":12,"column":3}},"5":{"start":{"line":14,"column":0},"end":{"line":14,"column":64}}},"branchMap":{}},"C:\\Program Files (x86)\\EasyPHP-Devserver-17\\eds-www\\nextel-test\\app\\models\\role.model.js":{"path":"C:\\Program Files (x86)\\EasyPHP-Devserver-17\\eds-www\\nextel-test\\app\\models\\role.model.js","s":{"1":1,"2":1,"3":1,"4":1,"5":1},"b":{},"f":{},"fnMap":{},"statementMap":{"1":{"start":{"line":1,"column":0},"end":{"line":1,"column":37}},"2":{"start":{"line":3,"column":0},"end":{"line":3,"column":29}},"3":{"start":{"line":4,"column":0},"end":{"line":4,"column":39}},"4":{"start":{"line":5,"column":0},"end":{"line":8,"column":3}},"5":{"start":{"line":10,"column":0},"end":{"line":10,"column":52}}},"branchMap":{}},"C:\\Program Files (x86)\\EasyPHP-Devserver-17\\eds-www\\nextel-test\\app\\config\\createRedisClient.js":{"path":"C:\\Program Files (x86)\\EasyPHP-Devserver-17\\eds-www\\nextel-test\\app\\config\\createRedisClient.js","s":{"1":1,"2":1,"3":1,"4":39,"5":39,"6":1},"b":{},"f":{"1":39},"fnMap":{"1":{"name":"createRedisClient","line":4,"loc":{"start":{"line":4,"column":0},"end":{"line":4,"column":28}}}},"statementMap":{"1":{"start":{"line":1,"column":0},"end":{"line":1,"column":29}},"2":{"start":{"line":2,"column":0},"end":{"line":2,"column":33}},"3":{"start":{"line":4,"column":0},"end":{"line":7,"column":1}},"4":{"start":{"line":5,"column":1},"end":{"line":5,"column":75}},"5":{"start":{"line":6,"column":1},"end":{"line":6,"column":15}},"6":{"start":{"line":9,"column":0},"end":{"line":9,"column":35}}},"branchMap":{}},"C:\\Program Files (x86)\\EasyPHP-Devserver-17\\eds-www\\nextel-test\\app\\middlewares\\permissions.js":{"path":"C:\\Program Files (x86)\\EasyPHP-Devserver-17\\eds-www\\nextel-test\\app\\middlewares\\permissions.js","s":{"1":1,"2":19,"3":19,"4":19,"5":1,"6":18,"7":18,"8":18,"9":1,"10":37,"11":37,"12":37,"13":37,"14":37,"15":37,"16":0,"17":0,"18":37,"19":37},"b":{"1":[37,0],"2":[37,0,0],"3":[0,37]},"f":{"1":19,"2":18,"3":37},"fnMap":{"1":{"name":"(anonymous_1)","line":1,"loc":{"start":{"line":1,"column":20},"end":{"line":1,"column":45}}},"2":{"name":"(anonymous_2)","line":6,"loc":{"start":{"line":6,"column":23},"end":{"line":6,"column":48}}},"3":{"name":"(anonymous_3)","line":11,"loc":{"start":{"line":11,"column":26},"end":{"line":11,"column":51}}}},"statementMap":{"1":{"start":{"line":1,"column":0},"end":{"line":5,"column":1}},"2":{"start":{"line":2,"column":1},"end":{"line":2,"column":23}},"3":{"start":{"line":3,"column":1},"end":{"line":3,"column":8}},"4":{"start":{"line":4,"column":1},"end":{"line":4,"column":8}},"5":{"start":{"line":6,"column":0},"end":{"line":10,"column":1}},"6":{"start":{"line":7,"column":1},"end":{"line":7,"column":24}},"7":{"start":{"line":8,"column":1},"end":{"line":8,"column":8}},"8":{"start":{"line":9,"column":1},"end":{"line":9,"column":8}},"9":{"start":{"line":11,"column":0},"end":{"line":40,"column":1}},"10":{"start":{"line":13,"column":1},"end":{"line":37,"column":2}},"11":{"start":{"line":14,"column":2},"end":{"line":14,"column":29}},"12":{"start":{"line":15,"column":2},"end":{"line":21,"column":3}},"13":{"start":{"line":17,"column":3},"end":{"line":20,"column":4}},"14":{"start":{"line":19,"column":4},"end":{"line":19,"column":26}},"15":{"start":{"line":22,"column":2},"end":{"line":29,"column":3}},"16":{"start":{"line":24,"column":3},"end":{"line":28,"column":6}},"17":{"start":{"line":32,"column":2},"end":{"line":36,"column":5}},"18":{"start":{"line":38,"column":1},"end":{"line":38,"column":8}},"19":{"start":{"line":39,"column":1},"end":{"line":39,"column":8}}},"branchMap":{"1":{"line":17,"type":"if","locations":[{"start":{"line":17,"column":3},"end":{"line":17,"column":3}},{"start":{"line":17,"column":3},"end":{"line":17,"column":3}}]},"2":{"line":17,"type":"binary-expr","locations":[{"start":{"line":17,"column":6},"end":{"line":17,"column":39}},{"start":{"line":17,"column":44},"end":{"line":17,"column":80}},{"start":{"line":17,"column":84},"end":{"line":17,"column":99}}]},"3":{"line":22,"type":"if","locations":[{"start":{"line":22,"column":2},"end":{"line":22,"column":2}},{"start":{"line":22,"column":2},"end":{"line":22,"column":2}}]}}},"C:\\Program Files (x86)\\EasyPHP-Devserver-17\\eds-www\\nextel-test\\app\\routes\\superHero.routes.js":{"path":"C:\\Program Files (x86)\\EasyPHP-Devserver-17\\eds-www\\nextel-test\\app\\routes\\superHero.routes.js","s":{"1":1,"2":1,"3":1,"4":1,"5":1,"6":1,"7":1,"8":1,"9":1,"10":1},"b":{},"f":{},"fnMap":{},"statementMap":{"1":{"start":{"line":1,"column":0},"end":{"line":1,"column":35}},"2":{"start":{"line":2,"column":0},"end":{"line":2,"column":47}},"3":{"start":{"line":3,"column":0},"end":{"line":3,"column":67}},"4":{"start":{"line":4,"column":0},"end":{"line":4,"column":66}},"5":{"start":{"line":5,"column":0},"end":{"line":5,"column":32}},"6":{"start":{"line":6,"column":0},"end":{"line":6,"column":61}},"7":{"start":{"line":7,"column":0},"end":{"line":11,"column":111}},"8":{"start":{"line":13,"column":0},"end":{"line":15,"column":111}},"9":{"start":{"line":17,"column":0},"end":{"line":23,"column":79}},"10":{"start":{"line":27,"column":0},"end":{"line":27,"column":24}}},"branchMap":{}},"C:\\Program Files (x86)\\EasyPHP-Devserver-17\\eds-www\\nextel-test\\app\\config\\super-hero.validation.js":{"path":"C:\\Program Files (x86)\\EasyPHP-Devserver-17\\eds-www\\nextel-test\\app\\config\\super-hero.validation.js","s":{"1":1,"2":1},"b":{},"f":{},"fnMap":{},"statementMap":{"1":{"start":{"line":1,"column":0},"end":{"line":1,"column":27}},"2":{"start":{"line":3,"column":0},"end":{"line":51,"column":2}}},"branchMap":{}},"C:\\Program Files (x86)\\EasyPHP-Devserver-17\\eds-www\\nextel-test\\app\\controllers\\superHero.controller.js":{"path":"C:\\Program Files (x86)\\EasyPHP-Devserver-17\\eds-www\\nextel-test\\app\\controllers\\superHero.controller.js","s":{"1":1,"2":1,"3":1,"4":1,"5":1,"6":1,"7":1,"8":1,"9":1,"10":1,"11":1,"12":1,"13":1,"14":1,"15":0,"16":0,"17":0,"18":0,"19":0,"20":1,"21":1,"22":1,"23":1,"24":0,"25":1,"26":6,"27":6,"28":6,"29":4,"30":4,"31":4,"32":4,"33":0,"34":2,"35":1,"36":1,"37":1,"38":1,"39":1,"40":1,"41":1,"42":1,"43":1,"44":1,"45":1,"46":0,"47":0,"48":1,"49":2,"50":2,"51":2,"52":2,"53":1,"54":0,"55":1,"56":1,"57":1,"58":1,"59":1,"60":0,"61":0,"62":1,"63":4,"64":4,"65":4,"66":2,"67":0,"68":2,"69":2,"70":2,"71":2,"72":0,"73":1,"74":0,"75":0,"76":0,"77":0,"78":0,"79":0,"80":0,"81":0,"82":0,"83":0},"b":{"1":[1,0],"2":[4,2],"3":[6,6],"4":[1,0],"5":[1,1],"6":[2,0],"7":[2,2],"8":[0,1],"9":[1,0],"10":[0,2],"11":[2,0],"12":[0,0],"13":[0,0],"14":[0,0]},"f":{"1":1,"2":6,"3":4,"4":1,"5":1,"6":2},"fnMap":{"1":{"name":"createSuperHero","line":43,"loc":{"start":{"line":43,"column":1},"end":{"line":44,"column":1}}},"2":{"name":"(anonymous_2)","line":63,"loc":{"start":{"line":63,"column":78},"end":{"line":63,"column":98}}},"3":{"name":"(anonymous_3)","line":72,"loc":{"start":{"line":72,"column":116},"end":{"line":72,"column":128}}},"4":{"name":"(anonymous_4)","line":91,"loc":{"start":{"line":91,"column":81},"end":{"line":91,"column":101}}},"5":{"name":"(anonymous_5)","line":116,"loc":{"start":{"line":116,"column":121},"end":{"line":116,"column":133}}},"6":{"name":"(anonymous_6)","line":138,"loc":{"start":{"line":138,"column":55},"end":{"line":138,"column":75}}}},"statementMap":{"1":{"start":{"line":1,"column":0},"end":{"line":1,"column":58}},"2":{"start":{"line":2,"column":0},"end":{"line":2,"column":68}},"3":{"start":{"line":3,"column":0},"end":{"line":3,"column":48}},"4":{"start":{"line":4,"column":0},"end":{"line":4,"column":43}},"5":{"start":{"line":5,"column":0},"end":{"line":5,"column":65}},"6":{"start":{"line":7,"column":0},"end":{"line":56,"column":2}},"7":{"start":{"line":8,"column":1},"end":{"line":8,"column":34}},"8":{"start":{"line":11,"column":1},"end":{"line":15,"column":4}},"9":{"start":{"line":17,"column":1},"end":{"line":17,"column":27}},"10":{"start":{"line":18,"column":1},"end":{"line":18,"column":27}},"11":{"start":{"line":20,"column":1},"end":{"line":25,"column":2}},"12":{"start":{"line":22,"column":2},"end":{"line":22,"column":57}},"13":{"start":{"line":23,"column":2},"end":{"line":23,"column":29}},"14":{"start":{"line":24,"column":2},"end":{"line":24,"column":9}},"15":{"start":{"line":28,"column":1},"end":{"line":32,"column":4}},"16":{"start":{"line":34,"column":1},"end":{"line":42,"column":5}},"17":{"start":{"line":36,"column":3},"end":{"line":36,"column":43}},"18":{"start":{"line":37,"column":3},"end":{"line":37,"column":30}},"19":{"start":{"line":39,"column":3},"end":{"line":41,"column":6}},"20":{"start":{"line":43,"column":1},"end":{"line":55,"column":2}},"21":{"start":{"line":46,"column":2},"end":{"line":54,"column":6}},"22":{"start":{"line":48,"column":4},"end":{"line":48,"column":92}},"23":{"start":{"line":49,"column":4},"end":{"line":49,"column":19}},"24":{"start":{"line":51,"column":4},"end":{"line":53,"column":7}},"25":{"start":{"line":60,"column":0},"end":{"line":87,"column":2}},"26":{"start":{"line":62,"column":1},"end":{"line":62,"column":34}},"27":{"start":{"line":63,"column":1},"end":{"line":85,"column":4}},"28":{"start":{"line":64,"column":2},"end":{"line":84,"column":3}},"29":{"start":{"line":66,"column":3},"end":{"line":79,"column":7}},"30":{"start":{"line":68,"column":5},"end":{"line":70,"column":7}},"31":{"start":{"line":71,"column":5},"end":{"line":71,"column":28}},"32":{"start":{"line":72,"column":5},"end":{"line":74,"column":8}},"33":{"start":{"line":76,"column":5},"end":{"line":78,"column":8}},"34":{"start":{"line":83,"column":3},"end":{"line":83,"column":17}},"35":{"start":{"line":89,"column":0},"end":{"line":132,"column":2}},"36":{"start":{"line":90,"column":1},"end":{"line":90,"column":34}},"37":{"start":{"line":91,"column":1},"end":{"line":131,"column":4}},"38":{"start":{"line":92,"column":2},"end":{"line":130,"column":3}},"39":{"start":{"line":94,"column":3},"end":{"line":125,"column":7}},"40":{"start":{"line":107,"column":5},"end":{"line":107,"column":61}},"41":{"start":{"line":107,"column":47},"end":{"line":107,"column":59}},"42":{"start":{"line":108,"column":5},"end":{"line":119,"column":9}},"43":{"start":{"line":112,"column":7},"end":{"line":114,"column":8}},"44":{"start":{"line":115,"column":7},"end":{"line":115,"column":30}},"45":{"start":{"line":116,"column":7},"end":{"line":118,"column":10}},"46":{"start":{"line":122,"column":5},"end":{"line":124,"column":8}},"47":{"start":{"line":129,"column":3},"end":{"line":129,"column":17}},"48":{"start":{"line":136,"column":0},"end":{"line":169,"column":2}},"49":{"start":{"line":137,"column":1},"end":{"line":137,"column":34}},"50":{"start":{"line":138,"column":1},"end":{"line":168,"column":4}},"51":{"start":{"line":139,"column":2},"end":{"line":167,"column":3}},"52":{"start":{"line":141,"column":3},"end":{"line":162,"column":7}},"53":{"start":{"line":143,"column":5},"end":{"line":147,"column":6}},"54":{"start":{"line":144,"column":6},"end":{"line":146,"column":9}},"55":{"start":{"line":148,"column":5},"end":{"line":150,"column":6}},"56":{"start":{"line":151,"column":5},"end":{"line":151,"column":28}},"57":{"start":{"line":152,"column":5},"end":{"line":152,"column":94}},"58":{"start":{"line":154,"column":5},"end":{"line":158,"column":6}},"59":{"start":{"line":155,"column":6},"end":{"line":157,"column":9}},"60":{"start":{"line":159,"column":5},"end":{"line":161,"column":8}},"61":{"start":{"line":166,"column":3},"end":{"line":166,"column":17}},"62":{"start":{"line":172,"column":0},"end":{"line":197,"column":2}},"63":{"start":{"line":173,"column":1},"end":{"line":173,"column":34}},"64":{"start":{"line":175,"column":1},"end":{"line":175,"column":27}},"65":{"start":{"line":178,"column":1},"end":{"line":196,"column":5}},"66":{"start":{"line":180,"column":3},"end":{"line":184,"column":4}},"67":{"start":{"line":181,"column":4},"end":{"line":183,"column":7}},"68":{"start":{"line":185,"column":3},"end":{"line":185,"column":96}},"69":{"start":{"line":186,"column":3},"end":{"line":186,"column":23}},"70":{"start":{"line":188,"column":3},"end":{"line":192,"column":4}},"71":{"start":{"line":189,"column":4},"end":{"line":191,"column":7}},"72":{"start":{"line":193,"column":3},"end":{"line":195,"column":6}},"73":{"start":{"line":200,"column":0},"end":{"line":224,"column":2}},"74":{"start":{"line":201,"column":1},"end":{"line":201,"column":34}},"75":{"start":{"line":203,"column":1},"end":{"line":203,"column":27}},"76":{"start":{"line":205,"column":1},"end":{"line":223,"column":5}},"77":{"start":{"line":207,"column":3},"end":{"line":211,"column":4}},"78":{"start":{"line":208,"column":4},"end":{"line":210,"column":7}},"79":{"start":{"line":212,"column":3},"end":{"line":212,"column":96}},"80":{"start":{"line":213,"column":3},"end":{"line":213,"column":58}},"81":{"start":{"line":215,"column":3},"end":{"line":219,"column":4}},"82":{"start":{"line":216,"column":4},"end":{"line":218,"column":7}},"83":{"start":{"line":220,"column":3},"end":{"line":222,"column":6}}},"branchMap":{"1":{"line":20,"type":"if","locations":[{"start":{"line":20,"column":1},"end":{"line":20,"column":1}},{"start":{"line":20,"column":1},"end":{"line":20,"column":1}}]},"2":{"line":64,"type":"if","locations":[{"start":{"line":64,"column":2},"end":{"line":64,"column":2}},{"start":{"line":64,"column":2},"end":{"line":64,"column":2}}]},"3":{"line":64,"type":"binary-expr","locations":[{"start":{"line":64,"column":5},"end":{"line":64,"column":8}},{"start":{"line":64,"column":12},"end":{"line":64,"column":16}}]},"4":{"line":92,"type":"if","locations":[{"start":{"line":92,"column":2},"end":{"line":92,"column":2}},{"start":{"line":92,"column":2},"end":{"line":92,"column":2}}]},"5":{"line":92,"type":"binary-expr","locations":[{"start":{"line":92,"column":5},"end":{"line":92,"column":8}},{"start":{"line":92,"column":12},"end":{"line":92,"column":16}}]},"6":{"line":139,"type":"if","locations":[{"start":{"line":139,"column":2},"end":{"line":139,"column":2}},{"start":{"line":139,"column":2},"end":{"line":139,"column":2}}]},"7":{"line":139,"type":"binary-expr","locations":[{"start":{"line":139,"column":5},"end":{"line":139,"column":8}},{"start":{"line":139,"column":12},"end":{"line":139,"column":16}}]},"8":{"line":143,"type":"if","locations":[{"start":{"line":143,"column":5},"end":{"line":143,"column":5}},{"start":{"line":143,"column":5},"end":{"line":143,"column":5}}]},"9":{"line":154,"type":"if","locations":[{"start":{"line":154,"column":5},"end":{"line":154,"column":5}},{"start":{"line":154,"column":5},"end":{"line":154,"column":5}}]},"10":{"line":180,"type":"if","locations":[{"start":{"line":180,"column":3},"end":{"line":180,"column":3}},{"start":{"line":180,"column":3},"end":{"line":180,"column":3}}]},"11":{"line":188,"type":"if","locations":[{"start":{"line":188,"column":3},"end":{"line":188,"column":3}},{"start":{"line":188,"column":3},"end":{"line":188,"column":3}}]},"12":{"line":207,"type":"if","locations":[{"start":{"line":207,"column":3},"end":{"line":207,"column":3}},{"start":{"line":207,"column":3},"end":{"line":207,"column":3}}]},"13":{"line":215,"type":"if","locations":[{"start":{"line":215,"column":3},"end":{"line":215,"column":3}},{"start":{"line":215,"column":3},"end":{"line":215,"column":3}}]},"14":{"line":215,"type":"binary-expr","locations":[{"start":{"line":215,"column":6},"end":{"line":215,"column":29}},{"start":{"line":215,"column":33},"end":{"line":215,"column":56}}]}}},"C:\\Program Files (x86)\\EasyPHP-Devserver-17\\eds-www\\nextel-test\\app\\models\\superHero.model.js":{"path":"C:\\Program Files (x86)\\EasyPHP-Devserver-17\\eds-www\\nextel-test\\app\\models\\superHero.model.js","s":{"1":1,"2":1,"3":1,"4":1,"5":1,"6":1,"7":1,"8":4,"9":1},"b":{},"f":{"1":4},"fnMap":{"1":{"name":"(anonymous_1)","line":17,"loc":{"start":{"line":17,"column":9},"end":{"line":17,"column":41}}}},"statementMap":{"1":{"start":{"line":1,"column":0},"end":{"line":1,"column":37}},"2":{"start":{"line":2,"column":0},"end":{"line":2,"column":33}},"3":{"start":{"line":3,"column":0},"end":{"line":3,"column":37}},"4":{"start":{"line":4,"column":0},"end":{"line":4,"column":29}},"5":{"start":{"line":5,"column":0},"end":{"line":5,"column":39}},"6":{"start":{"line":6,"column":0},"end":{"line":14,"column":3}},"7":{"start":{"line":15,"column":0},"end":{"line":24,"column":2}},"8":{"start":{"line":18,"column":2},"end":{"line":21,"column":11}},"9":{"start":{"line":25,"column":0},"end":{"line":25,"column":62}}},"branchMap":{}},"C:\\Program Files (x86)\\EasyPHP-Devserver-17\\eds-www\\nextel-test\\app\\models\\superPower.model.js":{"path":"C:\\Program Files (x86)\\EasyPHP-Devserver-17\\eds-www\\nextel-test\\app\\models\\superPower.model.js","s":{"1":1,"2":1,"3":1,"4":1,"5":1,"6":1,"7":4,"8":1},"b":{},"f":{"1":4},"fnMap":{"1":{"name":"(anonymous_1)","line":12,"loc":{"start":{"line":12,"column":9},"end":{"line":12,"column":41}}}},"statementMap":{"1":{"start":{"line":1,"column":0},"end":{"line":1,"column":37}},"2":{"start":{"line":2,"column":0},"end":{"line":2,"column":32}},"3":{"start":{"line":3,"column":0},"end":{"line":3,"column":29}},"4":{"start":{"line":4,"column":0},"end":{"line":4,"column":39}},"5":{"start":{"line":5,"column":0},"end":{"line":9,"column":3}},"6":{"start":{"line":10,"column":0},"end":{"line":19,"column":2}},"7":{"start":{"line":13,"column":2},"end":{"line":16,"column":11}},"8":{"start":{"line":20,"column":0},"end":{"line":20,"column":64}}},"branchMap":{}},"C:\\Program Files (x86)\\EasyPHP-Devserver-17\\eds-www\\nextel-test\\app\\models\\protectionArea.model.js":{"path":"C:\\Program Files (x86)\\EasyPHP-Devserver-17\\eds-www\\nextel-test\\app\\models\\protectionArea.model.js","s":{"1":1,"2":1,"3":1,"4":1,"5":1,"6":1},"b":{},"f":{},"fnMap":{},"statementMap":{"1":{"start":{"line":1,"column":0},"end":{"line":1,"column":37}},"2":{"start":{"line":3,"column":0},"end":{"line":3,"column":29}},"3":{"start":{"line":4,"column":0},"end":{"line":4,"column":39}},"4":{"start":{"line":5,"column":0},"end":{"line":13,"column":3}},"5":{"start":{"line":14,"column":0},"end":{"line":14,"column":50}},"6":{"start":{"line":16,"column":0},"end":{"line":16,"column":72}}},"branchMap":{}},"C:\\Program Files (x86)\\EasyPHP-Devserver-17\\eds-www\\nextel-test\\app\\routes\\superPower.routes.js":{"path":"C:\\Program Files (x86)\\EasyPHP-Devserver-17\\eds-www\\nextel-test\\app\\routes\\superPower.routes.js","s":{"1":1,"2":1,"3":1,"4":1,"5":1,"6":1,"7":1,"8":1,"9":1},"b":{},"f":{},"fnMap":{},"statementMap":{"1":{"start":{"line":1,"column":0},"end":{"line":1,"column":35}},"2":{"start":{"line":2,"column":0},"end":{"line":2,"column":47}},"3":{"start":{"line":3,"column":0},"end":{"line":3,"column":68}},"4":{"start":{"line":4,"column":0},"end":{"line":4,"column":68}},"5":{"start":{"line":5,"column":0},"end":{"line":5,"column":32}},"6":{"start":{"line":6,"column":0},"end":{"line":6,"column":61}},"7":{"start":{"line":8,"column":0},"end":{"line":12,"column":112}},"8":{"start":{"line":14,"column":0},"end":{"line":20,"column":80}},"9":{"start":{"line":22,"column":0},"end":{"line":22,"column":24}}},"branchMap":{}},"C:\\Program Files (x86)\\EasyPHP-Devserver-17\\eds-www\\nextel-test\\app\\config\\super-power.validation.js":{"path":"C:\\Program Files (x86)\\EasyPHP-Devserver-17\\eds-www\\nextel-test\\app\\config\\super-power.validation.js","s":{"1":1,"2":1},"b":{},"f":{},"fnMap":{},"statementMap":{"1":{"start":{"line":1,"column":0},"end":{"line":1,"column":27}},"2":{"start":{"line":3,"column":0},"end":{"line":23,"column":2}}},"branchMap":{}},"C:\\Program Files (x86)\\EasyPHP-Devserver-17\\eds-www\\nextel-test\\app\\controllers\\superPower.controller.js":{"path":"C:\\Program Files (x86)\\EasyPHP-Devserver-17\\eds-www\\nextel-test\\app\\controllers\\superPower.controller.js","s":{"1":1,"2":1,"3":1,"4":1,"5":1,"6":1,"7":1,"8":1,"9":1,"10":1,"11":1,"12":0,"13":1,"14":6,"15":6,"16":6,"17":4,"18":4,"19":4,"20":4,"21":0,"22":2,"23":1,"24":2,"25":2,"26":2,"27":2,"28":1,"29":0,"30":1,"31":1,"32":1,"33":1,"34":1,"35":0,"36":0,"37":1,"38":4,"39":4,"40":4,"41":2,"42":0,"43":2,"44":2,"45":2,"46":2,"47":0,"48":1,"49":0,"50":0,"51":0,"52":0,"53":0,"54":0,"55":0,"56":0,"57":0,"58":0,"59":0,"60":0,"61":0,"62":0,"63":0,"64":0},"b":{"1":[4,2],"2":[6,6],"3":[2,0],"4":[2,2],"5":[0,1],"6":[1,0],"7":[0,2],"8":[2,0],"9":[0,0],"10":[0,0],"11":[0,0],"12":[0,0],"13":[0,0]},"f":{"1":6,"2":4,"3":2,"4":0},"fnMap":{"1":{"name":"(anonymous_1)","line":32,"loc":{"start":{"line":32,"column":78},"end":{"line":32,"column":98}}},"2":{"name":"(anonymous_2)","line":41,"loc":{"start":{"line":41,"column":117},"end":{"line":41,"column":129}}},"3":{"name":"(anonymous_3)","line":61,"loc":{"start":{"line":61,"column":56},"end":{"line":61,"column":76}}},"4":{"name":"(anonymous_4)","line":128,"loc":{"start":{"line":128,"column":38},"end":{"line":128,"column":64}}}},"statementMap":{"1":{"start":{"line":1,"column":0},"end":{"line":1,"column":59}},"2":{"start":{"line":2,"column":0},"end":{"line":2,"column":48}},"3":{"start":{"line":3,"column":0},"end":{"line":3,"column":43}},"4":{"start":{"line":4,"column":0},"end":{"line":4,"column":65}},"5":{"start":{"line":6,"column":0},"end":{"line":26,"column":2}},"6":{"start":{"line":7,"column":1},"end":{"line":7,"column":34}},"7":{"start":{"line":9,"column":1},"end":{"line":9,"column":27}},"8":{"start":{"line":11,"column":1},"end":{"line":14,"column":4}},"9":{"start":{"line":17,"column":1},"end":{"line":25,"column":5}},"10":{"start":{"line":19,"column":3},"end":{"line":19,"column":98}},"11":{"start":{"line":20,"column":3},"end":{"line":20,"column":18}},"12":{"start":{"line":22,"column":3},"end":{"line":24,"column":6}},"13":{"start":{"line":30,"column":0},"end":{"line":55,"column":2}},"14":{"start":{"line":31,"column":1},"end":{"line":31,"column":34}},"15":{"start":{"line":32,"column":1},"end":{"line":54,"column":4}},"16":{"start":{"line":33,"column":2},"end":{"line":53,"column":3}},"17":{"start":{"line":35,"column":3},"end":{"line":48,"column":7}},"18":{"start":{"line":37,"column":5},"end":{"line":39,"column":7}},"19":{"start":{"line":40,"column":5},"end":{"line":40,"column":28}},"20":{"start":{"line":41,"column":5},"end":{"line":43,"column":8}},"21":{"start":{"line":45,"column":5},"end":{"line":47,"column":8}},"22":{"start":{"line":52,"column":3},"end":{"line":52,"column":17}},"23":{"start":{"line":59,"column":0},"end":{"line":92,"column":2}},"24":{"start":{"line":60,"column":1},"end":{"line":60,"column":34}},"25":{"start":{"line":61,"column":1},"end":{"line":91,"column":4}},"26":{"start":{"line":62,"column":2},"end":{"line":90,"column":3}},"27":{"start":{"line":64,"column":3},"end":{"line":85,"column":7}},"28":{"start":{"line":66,"column":5},"end":{"line":70,"column":6}},"29":{"start":{"line":67,"column":6},"end":{"line":69,"column":9}},"30":{"start":{"line":71,"column":5},"end":{"line":73,"column":7}},"31":{"start":{"line":74,"column":5},"end":{"line":74,"column":28}},"32":{"start":{"line":75,"column":5},"end":{"line":75,"column":95}},"33":{"start":{"line":77,"column":5},"end":{"line":81,"column":6}},"34":{"start":{"line":78,"column":6},"end":{"line":80,"column":9}},"35":{"start":{"line":82,"column":5},"end":{"line":84,"column":8}},"36":{"start":{"line":89,"column":3},"end":{"line":89,"column":17}},"37":{"start":{"line":95,"column":0},"end":{"line":119,"column":2}},"38":{"start":{"line":96,"column":1},"end":{"line":96,"column":34}},"39":{"start":{"line":98,"column":1},"end":{"line":98,"column":27}},"40":{"start":{"line":100,"column":1},"end":{"line":118,"column":5}},"41":{"start":{"line":102,"column":3},"end":{"line":106,"column":4}},"42":{"start":{"line":103,"column":4},"end":{"line":105,"column":7}},"43":{"start":{"line":107,"column":3},"end":{"line":107,"column":98}},"44":{"start":{"line":108,"column":3},"end":{"line":108,"column":24}},"45":{"start":{"line":110,"column":3},"end":{"line":114,"column":4}},"46":{"start":{"line":111,"column":4},"end":{"line":113,"column":7}},"47":{"start":{"line":115,"column":3},"end":{"line":117,"column":6}},"48":{"start":{"line":122,"column":0},"end":{"line":159,"column":2}},"49":{"start":{"line":123,"column":1},"end":{"line":123,"column":34}},"50":{"start":{"line":125,"column":1},"end":{"line":125,"column":27}},"51":{"start":{"line":126,"column":1},"end":{"line":126,"column":27}},"52":{"start":{"line":128,"column":1},"end":{"line":157,"column":4}},"53":{"start":{"line":129,"column":2},"end":{"line":130,"column":17}},"54":{"start":{"line":130,"column":3},"end":{"line":130,"column":17}},"55":{"start":{"line":132,"column":2},"end":{"line":137,"column":3}},"56":{"start":{"line":134,"column":3},"end":{"line":136,"column":6}},"57":{"start":{"line":138,"column":2},"end":{"line":156,"column":6}},"58":{"start":{"line":140,"column":4},"end":{"line":144,"column":5}},"59":{"start":{"line":141,"column":5},"end":{"line":143,"column":8}},"60":{"start":{"line":145,"column":4},"end":{"line":145,"column":99}},"61":{"start":{"line":146,"column":4},"end":{"line":146,"column":60}},"62":{"start":{"line":148,"column":4},"end":{"line":152,"column":5}},"63":{"start":{"line":149,"column":5},"end":{"line":151,"column":8}},"64":{"start":{"line":153,"column":4},"end":{"line":155,"column":7}}},"branchMap":{"1":{"line":33,"type":"if","locations":[{"start":{"line":33,"column":2},"end":{"line":33,"column":2}},{"start":{"line":33,"column":2},"end":{"line":33,"column":2}}]},"2":{"line":33,"type":"binary-expr","locations":[{"start":{"line":33,"column":5},"end":{"line":33,"column":8}},{"start":{"line":33,"column":12},"end":{"line":33,"column":16}}]},"3":{"line":62,"type":"if","locations":[{"start":{"line":62,"column":2},"end":{"line":62,"column":2}},{"start":{"line":62,"column":2},"end":{"line":62,"column":2}}]},"4":{"line":62,"type":"binary-expr","locations":[{"start":{"line":62,"column":5},"end":{"line":62,"column":8}},{"start":{"line":62,"column":12},"end":{"line":62,"column":16}}]},"5":{"line":66,"type":"if","locations":[{"start":{"line":66,"column":5},"end":{"line":66,"column":5}},{"start":{"line":66,"column":5},"end":{"line":66,"column":5}}]},"6":{"line":77,"type":"if","locations":[{"start":{"line":77,"column":5},"end":{"line":77,"column":5}},{"start":{"line":77,"column":5},"end":{"line":77,"column":5}}]},"7":{"line":102,"type":"if","locations":[{"start":{"line":102,"column":3},"end":{"line":102,"column":3}},{"start":{"line":102,"column":3},"end":{"line":102,"column":3}}]},"8":{"line":110,"type":"if","locations":[{"start":{"line":110,"column":3},"end":{"line":110,"column":3}},{"start":{"line":110,"column":3},"end":{"line":110,"column":3}}]},"9":{"line":129,"type":"if","locations":[{"start":{"line":129,"column":2},"end":{"line":129,"column":2}},{"start":{"line":129,"column":2},"end":{"line":129,"column":2}}]},"10":{"line":132,"type":"if","locations":[{"start":{"line":132,"column":2},"end":{"line":132,"column":2}},{"start":{"line":132,"column":2},"end":{"line":132,"column":2}}]},"11":{"line":140,"type":"if","locations":[{"start":{"line":140,"column":4},"end":{"line":140,"column":4}},{"start":{"line":140,"column":4},"end":{"line":140,"column":4}}]},"12":{"line":148,"type":"if","locations":[{"start":{"line":148,"column":4},"end":{"line":148,"column":4}},{"start":{"line":148,"column":4},"end":{"line":148,"column":4}}]},"13":{"line":148,"type":"binary-expr","locations":[{"start":{"line":148,"column":7},"end":{"line":148,"column":30}},{"start":{"line":148,"column":34},"end":{"line":148,"column":57}}]}}},"C:\\Program Files (x86)\\EasyPHP-Devserver-17\\eds-www\\nextel-test\\app\\routes\\audit.routes.js":{"path":"C:\\Program Files (x86)\\EasyPHP-Devserver-17\\eds-www\\nextel-test\\app\\routes\\audit.routes.js","s":{"1":1,"2":1,"3":1,"4":1,"5":1},"b":{},"f":{},"fnMap":{},"statementMap":{"1":{"start":{"line":1,"column":0},"end":{"line":1,"column":35}},"2":{"start":{"line":2,"column":0},"end":{"line":2,"column":63}},"3":{"start":{"line":3,"column":0},"end":{"line":3,"column":32}},"4":{"start":{"line":5,"column":0},"end":{"line":7,"column":29}},"5":{"start":{"line":9,"column":0},"end":{"line":9,"column":24}}},"branchMap":{}},"C:\\Program Files (x86)\\EasyPHP-Devserver-17\\eds-www\\nextel-test\\app\\controllers\\audit.controller.js":{"path":"C:\\Program Files (x86)\\EasyPHP-Devserver-17\\eds-www\\nextel-test\\app\\controllers\\audit.controller.js","s":{"1":1,"2":1,"3":0,"4":0},"b":{},"f":{"1":0},"fnMap":{"1":{"name":"(anonymous_1)","line":5,"loc":{"start":{"line":5,"column":29},"end":{"line":5,"column":50}}}},"statementMap":{"1":{"start":{"line":1,"column":0},"end":{"line":1,"column":36}},"2":{"start":{"line":3,"column":0},"end":{"line":8,"column":2}},"3":{"start":{"line":5,"column":1},"end":{"line":7,"column":4}},"4":{"start":{"line":6,"column":2},"end":{"line":6,"column":17}}},"branchMap":{}},"C:\\Program Files (x86)\\EasyPHP-Devserver-17\\eds-www\\nextel-test\\app\\routes\\auth.routes.js":{"path":"C:\\Program Files (x86)\\EasyPHP-Devserver-17\\eds-www\\nextel-test\\app\\routes\\auth.routes.js","s":{"1":1,"2":1,"3":1,"4":1,"5":1,"6":1,"7":1,"8":1},"b":{},"f":{},"fnMap":{},"statementMap":{"1":{"start":{"line":1,"column":0},"end":{"line":1,"column":35}},"2":{"start":{"line":2,"column":0},"end":{"line":2,"column":47}},"3":{"start":{"line":3,"column":0},"end":{"line":3,"column":61}},"4":{"start":{"line":4,"column":0},"end":{"line":4,"column":56}},"5":{"start":{"line":5,"column":0},"end":{"line":5,"column":32}},"6":{"start":{"line":7,"column":0},"end":{"line":9,"column":58}},"7":{"start":{"line":11,"column":0},"end":{"line":13,"column":55}},"8":{"start":{"line":15,"column":0},"end":{"line":15,"column":24}}},"branchMap":{}}}